{"D:\\analista de sistemas\\proyecto-final\\api-draco\\config.js": {"path":"D:\\analista de sistemas\\proyecto-final\\api-draco\\config.js","statementMap":{"0":{"start":{"line":3,"column":0},"end":{"line":3,"column":16}},"1":{"start":{"line":5,"column":13},"end":{"line":5,"column":37}},"2":{"start":{"line":6,"column":12},"end":{"line":6,"column":58}},"3":{"start":{"line":7,"column":11},"end":{"line":7,"column":36}},"4":{"start":{"line":8,"column":13},"end":{"line":8,"column":48}},"5":{"start":{"line":9,"column":20},"end":{"line":9,"column":67}}},"fnMap":{},"branchMap":{"0":{"loc":{"start":{"line":5,"column":13},"end":{"line":5,"column":37}},"type":"binary-expr","locations":[{"start":{"line":5,"column":13},"end":{"line":5,"column":29}},{"start":{"line":5,"column":33},"end":{"line":5,"column":37}}],"line":5},"1":{"loc":{"start":{"line":6,"column":12},"end":{"line":6,"column":58}},"type":"binary-expr","locations":[{"start":{"line":6,"column":12},"end":{"line":6,"column":27}},{"start":{"line":6,"column":31},"end":{"line":6,"column":58}}],"line":6},"2":{"loc":{"start":{"line":7,"column":11},"end":{"line":7,"column":36}},"type":"binary-expr","locations":[{"start":{"line":7,"column":11},"end":{"line":7,"column":25}},{"start":{"line":7,"column":29},"end":{"line":7,"column":36}}],"line":7},"3":{"loc":{"start":{"line":8,"column":13},"end":{"line":8,"column":48}},"type":"binary-expr","locations":[{"start":{"line":8,"column":13},"end":{"line":8,"column":29}},{"start":{"line":8,"column":33},"end":{"line":8,"column":48}}],"line":8},"4":{"loc":{"start":{"line":9,"column":20},"end":{"line":9,"column":67}},"type":"binary-expr","locations":[{"start":{"line":9,"column":20},"end":{"line":9,"column":43}},{"start":{"line":9,"column":47},"end":{"line":9,"column":67}}],"line":9}},"s":{"0":4,"1":4,"2":4,"3":4,"4":4,"5":4},"f":{},"b":{"0":[4,4],"1":[4,4],"2":[4,4],"3":[4,4],"4":[4,4]},"_coverageSchema":"1a1c01bbd47fc00a2c39e90264f33305004495a9","hash":"6741c26ad9db8fa710d601b4eaee95608eca3c52"}
,"D:\\analista de sistemas\\proyecto-final\\api-draco\\model\\cnxMongoDB.js": {"path":"D:\\analista de sistemas\\proyecto-final\\api-draco\\model\\cnxMongoDB.js","statementMap":{"0":{"start":{"line":5,"column":24},"end":{"line":5,"column":29}},"1":{"start":{"line":9,"column":21},"end":{"line":23,"column":5}},"2":{"start":{"line":10,"column":8},"end":{"line":22,"column":9}},"3":{"start":{"line":11,"column":12},"end":{"line":14,"column":15}},"4":{"start":{"line":16,"column":12},"end":{"line":16,"column":46}},"5":{"start":{"line":18,"column":12},"end":{"line":18,"column":62}},"6":{"start":{"line":19,"column":12},"end":{"line":19,"column":41}},"7":{"start":{"line":21,"column":12},"end":{"line":21,"column":39}},"8":{"start":{"line":25,"column":24},"end":{"line":28,"column":5}},"9":{"start":{"line":26,"column":8},"end":{"line":26,"column":43}},"10":{"start":{"line":26,"column":36},"end":{"line":26,"column":43}},"11":{"start":{"line":27,"column":8},"end":{"line":27,"column":40}}},"fnMap":{"0":{"name":"(anonymous_0)","decl":{"start":{"line":9,"column":21},"end":{"line":9,"column":22}},"loc":{"start":{"line":9,"column":32},"end":{"line":23,"column":5}},"line":9},"1":{"name":"(anonymous_1)","decl":{"start":{"line":25,"column":24},"end":{"line":25,"column":25}},"loc":{"start":{"line":25,"column":37},"end":{"line":28,"column":5}},"line":25}},"branchMap":{"0":{"loc":{"start":{"line":26,"column":8},"end":{"line":26,"column":43}},"type":"if","locations":[{"start":{"line":26,"column":8},"end":{"line":26,"column":43}},{"start":{},"end":{}}],"line":26}},"s":{"0":3,"1":3,"2":2,"3":2,"4":2,"5":1,"6":1,"7":1,"8":3,"9":2,"10":1,"11":1},"f":{"0":2,"1":2},"b":{"0":[1,1]},"_coverageSchema":"1a1c01bbd47fc00a2c39e90264f33305004495a9","hash":"5457b4b10cbcc999bd14fffc96e8e4b3d5c0de46"}
,"D:\\analista de sistemas\\proyecto-final\\api-draco\\model\\DAO\\entity\\entityFactory.js": {"path":"D:\\analista de sistemas\\proyecto-final\\api-draco\\model\\DAO\\entity\\entityFactory.js","statementMap":{"0":{"start":{"line":6,"column":8},"end":{"line":13,"column":9}},"1":{"start":{"line":8,"column":16},"end":{"line":8,"column":72}},"2":{"start":{"line":9,"column":16},"end":{"line":9,"column":40}},"3":{"start":{"line":11,"column":16},"end":{"line":11,"column":82}},"4":{"start":{"line":12,"column":16},"end":{"line":12,"column":41}}},"fnMap":{"0":{"name":"(anonymous_0)","decl":{"start":{"line":5,"column":4},"end":{"line":5,"column":5}},"loc":{"start":{"line":5,"column":21},"end":{"line":14,"column":5}},"line":5}},"branchMap":{"0":{"loc":{"start":{"line":6,"column":8},"end":{"line":13,"column":9}},"type":"switch","locations":[{"start":{"line":7,"column":12},"end":{"line":9,"column":40}},{"start":{"line":10,"column":12},"end":{"line":12,"column":41}}],"line":6}},"s":{"0":2,"1":1,"2":1,"3":1,"4":1},"f":{"0":2},"b":{"0":[1,1]},"_coverageSchema":"1a1c01bbd47fc00a2c39e90264f33305004495a9","hash":"5b7dd3d6d5a97fb5d144160305568eb61405e4c2"}
,"D:\\analista de sistemas\\proyecto-final\\api-draco\\model\\DAO\\entity\\entityMemory.js": {"path":"D:\\analista de sistemas\\proyecto-final\\api-draco\\model\\DAO\\entity\\entityMemory.js","statementMap":{"0":{"start":{"line":3,"column":8},"end":{"line":3,"column":28}},"1":{"start":{"line":5,"column":20},"end":{"line":13,"column":5}},"2":{"start":{"line":6,"column":8},"end":{"line":12,"column":9}},"3":{"start":{"line":7,"column":12},"end":{"line":7,"column":73}},"4":{"start":{"line":8,"column":12},"end":{"line":8,"column":34}},"5":{"start":{"line":11,"column":12},"end":{"line":11,"column":21}}},"fnMap":{"0":{"name":"(anonymous_0)","decl":{"start":{"line":2,"column":4},"end":{"line":2,"column":5}},"loc":{"start":{"line":2,"column":18},"end":{"line":4,"column":5}},"line":2},"1":{"name":"(anonymous_1)","decl":{"start":{"line":5,"column":20},"end":{"line":5,"column":21}},"loc":{"start":{"line":5,"column":44},"end":{"line":13,"column":5}},"line":5}},"branchMap":{},"s":{"0":3,"1":3,"2":1,"3":1,"4":1,"5":0},"f":{"0":3,"1":1},"b":{},"_coverageSchema":"1a1c01bbd47fc00a2c39e90264f33305004495a9","hash":"e11cfb9e72ab702199083eae85aeaaf51c605fc9"}
,"D:\\analista de sistemas\\proyecto-final\\api-draco\\model\\DAO\\entity\\entityMongo.js": {"path":"D:\\analista de sistemas\\proyecto-final\\api-draco\\model\\DAO\\entity\\entityMongo.js","statementMap":{"0":{"start":{"line":4,"column":20},"end":{"line":17,"column":5}},"1":{"start":{"line":5,"column":8},"end":{"line":5,"column":45}},"2":{"start":{"line":5,"column":36},"end":{"line":5,"column":45}},"3":{"start":{"line":6,"column":8},"end":{"line":16,"column":9}},"4":{"start":{"line":7,"column":12},"end":{"line":8,"column":49}},"5":{"start":{"line":11,"column":12},"end":{"line":11,"column":58}},"6":{"start":{"line":12,"column":12},"end":{"line":15,"column":13}}},"fnMap":{"0":{"name":"(anonymous_0)","decl":{"start":{"line":4,"column":20},"end":{"line":4,"column":21}},"loc":{"start":{"line":4,"column":44},"end":{"line":17,"column":5}},"line":4}},"branchMap":{"0":{"loc":{"start":{"line":5,"column":8},"end":{"line":5,"column":45}},"type":"if","locations":[{"start":{"line":5,"column":8},"end":{"line":5,"column":45}},{"start":{},"end":{}}],"line":5}},"s":{"0":4,"1":3,"2":1,"3":2,"4":2,"5":1,"6":1},"f":{"0":3},"b":{"0":[1,2]},"_coverageSchema":"1a1c01bbd47fc00a2c39e90264f33305004495a9","hash":"2280b66b79b1ebcab201e60589b600d317691a6b"}
,"D:\\analista de sistemas\\proyecto-final\\api-draco\\services\\entityService.js": {"path":"D:\\analista de sistemas\\proyecto-final\\api-draco\\services\\entityService.js","statementMap":{"0":{"start":{"line":6,"column":8},"end":{"line":6,"column":58}},"1":{"start":{"line":8,"column":20},"end":{"line":11,"column":5}},"2":{"start":{"line":9,"column":31},"end":{"line":9,"column":81}},"3":{"start":{"line":10,"column":8},"end":{"line":10,"column":67}}},"fnMap":{"0":{"name":"(anonymous_0)","decl":{"start":{"line":5,"column":4},"end":{"line":5,"column":5}},"loc":{"start":{"line":5,"column":18},"end":{"line":7,"column":5}},"line":5},"1":{"name":"(anonymous_1)","decl":{"start":{"line":8,"column":20},"end":{"line":8,"column":21}},"loc":{"start":{"line":8,"column":34},"end":{"line":11,"column":5}},"line":8}},"branchMap":{},"s":{"0":1,"1":1,"2":1,"3":1},"f":{"0":1,"1":1},"b":{},"_coverageSchema":"1a1c01bbd47fc00a2c39e90264f33305004495a9","hash":"0f1fbdbf9c56b46c5cd423aecffb520757427754"}
}
